TN:
SF:src\app.js
FN:15,(anonymous_0)
FNF:1
FNH:1
FNDA:200,(anonymous_0)
DA:8,1
DA:10,1
DA:12,1
DA:16,200
DA:22,200
DA:23,0
DA:30,1
DA:36,1
DA:37,1
DA:38,1
DA:39,1
DA:56,1
DA:57,1
DA:58,1
DA:59,1
DA:60,1
DA:61,1
DA:62,1
DA:63,1
DA:64,1
DA:65,1
DA:66,1
DA:69,1
LF:23
LH:22
BRDA:22,0,0,0
BRDA:22,0,1,200
BRF:2
BRH:1
end_of_record
TN:
SF:src\constants.js
FNF:0
FNH:0
DA:1,0
LF:1
LH:0
BRF:0
BRH:0
end_of_record
TN:
SF:src\controllers\comment.controller.js
FN:11,(anonymous_0)
FN:127,(anonymous_1)
FN:176,(anonymous_2)
FN:209,(anonymous_3)
FN:235,(anonymous_4)
FNF:5
FNH:5
FNDA:2,(anonymous_0)
FNDA:3,(anonymous_1)
FNDA:4,(anonymous_2)
FNDA:3,(anonymous_3)
FNDA:1,(anonymous_4)
DA:11,1
DA:14,2
DA:15,2
DA:16,1
DA:20,1
DA:21,1
DA:22,1
DA:24,1
DA:26,1
DA:27,1
DA:28,0
DA:41,1
DA:43,1
DA:45,1
DA:110,1
DA:111,1
DA:112,1
DA:114,1
DA:127,1
DA:130,3
DA:131,3
DA:132,3
DA:134,3
DA:136,1
DA:139,2
DA:141,0
DA:144,2
DA:145,1
DA:148,1
DA:149,1
DA:155,1
DA:157,1
DA:159,1
DA:168,1
DA:172,0
DA:176,1
DA:179,4
DA:181,4
DA:183,4
DA:185,4
DA:186,1
DA:189,3
DA:190,1
DA:193,2
DA:194,1
DA:197,1
DA:198,1
DA:199,1
DA:201,1
DA:205,0
DA:209,1
DA:212,3
DA:214,3
DA:216,3
DA:217,1
DA:220,2
DA:221,1
DA:224,1
DA:225,1
DA:227,1
DA:231,0
DA:235,1
DA:236,1
DA:238,1
DA:240,0
DA:245,1
DA:246,1
DA:248,1
DA:254,0
LF:69
LH:62
BRDA:15,0,0,1
BRDA:15,0,1,1
BRDA:20,1,0,1
BRDA:20,1,1,1
BRDA:21,2,0,1
BRDA:21,2,1,1
BRDA:22,3,0,1
BRDA:22,3,1,0
BRDA:22,4,0,1
BRDA:22,4,1,1
BRDA:24,5,0,1
BRDA:24,5,1,0
BRDA:24,6,0,1
BRDA:24,6,1,1
BRDA:27,7,0,0
BRDA:27,7,1,1
BRDA:41,8,0,1
BRDA:41,8,1,0
BRDA:110,9,0,1
BRDA:110,9,1,0
BRDA:111,10,0,1
BRDA:111,10,1,1
BRDA:111,10,2,0
BRDA:134,11,0,1
BRDA:134,11,1,2
BRDA:139,12,0,0
BRDA:139,12,1,2
BRDA:144,13,0,1
BRDA:144,13,1,1
BRDA:185,14,0,1
BRDA:185,14,1,3
BRDA:189,15,0,1
BRDA:189,15,1,2
BRDA:193,16,0,1
BRDA:193,16,1,1
BRDA:216,17,0,1
BRDA:216,17,1,2
BRDA:220,18,0,1
BRDA:220,18,1,1
BRDA:238,19,0,0
BRDA:238,19,1,1
BRF:41
BRH:33
end_of_record
TN:
SF:src\controllers\dashboard.controller.js
FN:11,(anonymous_0)
FN:91,(anonymous_1)
FNF:2
FNH:2
FNDA:13,(anonymous_0)
FNDA:8,(anonymous_1)
DA:11,1
DA:14,13
DA:17,13
DA:20,13
DA:23,13
DA:44,13
DA:47,13
DA:61,13
DA:63,13
DA:77,13
DA:79,13
DA:87,13
DA:91,1
DA:93,8
DA:95,8
DA:96,0
DA:99,8
DA:100,0
DA:103,8
DA:105,8
LF:20
LH:18
BRDA:44,0,0,7
BRDA:44,0,1,6
BRDA:61,1,0,2
BRDA:61,1,1,11
BRDA:77,2,0,2
BRDA:77,2,1,11
BRDA:95,3,0,0
BRDA:95,3,1,8
BRDA:99,4,0,0
BRDA:99,4,1,8
BRF:10
BRH:8
end_of_record
TN:
SF:src\controllers\healthcheck.controller.js
FN:4,(anonymous_0)
FNF:1
FNH:0
FNDA:0,(anonymous_0)
DA:4,1
DA:6,0
LF:2
LH:1
BRF:0
BRH:0
end_of_record
TN:
SF:src\controllers\like.controller.js
FN:12,(anonymous_0)
FN:31,(anonymous_1)
FN:50,(anonymous_2)
FN:70,(anonymous_3)
FN:114,(anonymous_4)
FN:163,(anonymous_5)
FN:207,(anonymous_6)
FNF:7
FNH:7
FNDA:1,(anonymous_0)
FNDA:1,(anonymous_1)
FNDA:1,(anonymous_2)
FNDA:3,(anonymous_3)
FNDA:3,(anonymous_4)
FNDA:3,(anonymous_5)
FNDA:1,(anonymous_6)
DA:12,1
DA:14,1
DA:15,1
DA:17,1
DA:18,0
DA:21,1
DA:23,1
DA:25,1
DA:27,1
DA:31,1
DA:33,1
DA:34,1
DA:36,1
DA:37,0
DA:40,1
DA:42,1
DA:44,1
DA:46,1
DA:50,1
DA:52,1
DA:54,1
DA:56,1
DA:57,0
DA:60,1
DA:62,1
DA:64,1
DA:66,1
DA:70,1
DA:72,3
DA:73,3
DA:75,3
DA:76,1
DA:79,2
DA:81,2
DA:82,0
DA:85,2
DA:87,2
DA:89,1
DA:91,1
DA:93,1
DA:97,1
DA:98,1
DA:107,1
DA:109,1
DA:111,1
DA:114,1
DA:115,3
DA:117,3
DA:119,3
DA:120,1
DA:123,2
DA:125,2
DA:126,0
DA:129,2
DA:131,2
DA:133,1
DA:135,1
DA:137,1
DA:141,1
DA:142,1
DA:143,1
DA:145,1
DA:155,1
DA:157,1
DA:159,1
DA:163,1
DA:164,3
DA:166,3
DA:168,3
DA:169,1
DA:172,2
DA:174,2
DA:175,0
DA:178,2
DA:180,2
DA:182,1
DA:184,1
DA:186,1
DA:190,1
DA:191,1
DA:200,1
DA:202,1
DA:204,1
DA:207,1
DA:209,1
DA:211,1
DA:212,0
DA:215,1
DA:250,1
LF:89
LH:82
BRDA:17,0,0,0
BRDA:17,0,1,1
BRDA:36,1,0,0
BRDA:36,1,1,1
BRDA:56,2,0,0
BRDA:56,2,1,1
BRDA:75,3,0,1
BRDA:75,3,1,2
BRDA:81,4,0,0
BRDA:81,4,1,2
BRDA:87,5,0,1
BRDA:87,5,1,1
BRDA:97,6,0,1
BRDA:97,6,1,0
BRDA:119,7,0,1
BRDA:119,7,1,2
BRDA:125,8,0,0
BRDA:125,8,1,2
BRDA:131,9,0,1
BRDA:131,9,1,1
BRDA:141,10,0,1
BRDA:141,10,1,0
BRDA:149,11,0,1
BRDA:149,11,1,0
BRDA:168,12,0,1
BRDA:168,12,1,2
BRDA:174,13,0,0
BRDA:174,13,1,2
BRDA:180,14,0,1
BRDA:180,14,1,1
BRDA:190,15,0,1
BRDA:190,15,1,0
BRDA:211,16,0,0
BRDA:211,16,1,1
BRF:34
BRH:23
end_of_record
TN:
SF:src\controllers\notification.controller.js
FN:9,(anonymous_0)
FN:65,(anonymous_1)
FN:73,(anonymous_2)
FN:89,(anonymous_3)
FN:108,(anonymous_4)
FNF:5
FNH:5
FNDA:2,(anonymous_0)
FNDA:2,(anonymous_1)
FNDA:1,(anonymous_2)
FNDA:2,(anonymous_3)
FNDA:1,(anonymous_4)
DA:9,1
DA:10,2
DA:11,2
DA:13,2
DA:14,2
DA:16,2
DA:17,2
DA:18,1
DA:21,2
DA:40,2
DA:41,2
DA:46,2
DA:65,1
DA:66,2
DA:67,2
DA:69,2
DA:71,2
DA:72,1
DA:73,1
DA:77,2
DA:79,2
DA:89,1
DA:90,2
DA:91,2
DA:93,2
DA:98,2
DA:99,1
DA:102,1
DA:108,1
DA:109,1
DA:114,1
LF:31
LH:31
BRDA:11,0,0,1
BRDA:11,1,0,1
BRDA:11,2,0,1
BRDA:17,3,0,1
BRDA:17,3,1,1
BRDA:71,4,0,1
BRDA:71,4,1,1
BRDA:71,5,0,2
BRDA:71,5,1,1
BRDA:98,6,0,1
BRDA:98,6,1,1
BRF:11
BRH:11
end_of_record
TN:
SF:src\controllers\playlist.controller.js
FN:9,(anonymous_0)
FN:42,(anonymous_1)
FN:63,(anonymous_2)
FN:97,(anonymous_3)
FN:111,(anonymous_4)
FN:142,(anonymous_5)
FN:174,(anonymous_6)
FN:193,(anonymous_7)
FNF:8
FNH:8
FNDA:1,(anonymous_0)
FNDA:2,(anonymous_1)
FNDA:3,(anonymous_2)
FNDA:1,(anonymous_3)
FNDA:3,(anonymous_4)
FNDA:2,(anonymous_5)
FNDA:3,(anonymous_6)
FNDA:2,(anonymous_7)
DA:9,1
DA:10,1
DA:12,1
DA:14,1
DA:15,0
DA:17,1
DA:18,0
DA:21,1
DA:22,0
DA:24,1
DA:25,0
DA:28,1
DA:35,1
DA:37,1
DA:42,1
DA:43,2
DA:45,2
DA:46,1
DA:48,1
DA:49,0
DA:52,1
DA:56,1
DA:63,1
DA:64,3
DA:66,3
DA:67,1
DA:70,2
DA:71,2
DA:73,1
DA:74,1
DA:75,0
DA:77,0
DA:89,1
DA:94,1
DA:95,1
DA:96,1
DA:97,1
DA:98,1
DA:101,1
DA:103,1
DA:104,1
DA:111,1
DA:112,3
DA:114,3
DA:115,3
DA:116,1
DA:119,2
DA:120,0
DA:123,2
DA:124,0
DA:128,2
DA:129,1
DA:132,1
DA:133,1
DA:135,1
DA:142,1
DA:143,2
DA:145,2
DA:146,2
DA:147,1
DA:150,1
DA:151,0
DA:154,1
DA:155,0
DA:159,1
DA:160,1
DA:161,1
DA:164,0
DA:165,0
DA:167,0
DA:174,1
DA:175,3
DA:177,3
DA:178,3
DA:179,1
DA:182,2
DA:183,1
DA:186,1
DA:188,1
DA:193,1
DA:194,2
DA:195,2
DA:197,2
DA:198,2
DA:199,1
DA:202,1
DA:203,0
DA:206,1
DA:207,0
DA:209,1
DA:210,0
DA:213,1
DA:214,1
DA:215,1
DA:217,1
LF:95
LH:78
BRDA:14,0,0,0
BRDA:14,0,1,1
BRDA:17,1,0,0
BRDA:17,1,1,1
BRDA:21,2,0,0
BRDA:21,2,1,1
BRDA:24,3,0,0
BRDA:24,3,1,1
BRDA:45,4,0,1
BRDA:45,4,1,1
BRDA:48,5,0,0
BRDA:48,5,1,1
BRDA:66,6,0,1
BRDA:66,6,1,2
BRDA:71,7,0,1
BRDA:71,7,1,1
BRDA:73,8,0,1
BRDA:73,8,1,0
BRDA:74,9,0,0
BRDA:74,9,1,1
BRDA:98,10,0,1
BRDA:98,10,1,0
BRDA:115,11,0,1
BRDA:115,11,1,2
BRDA:119,12,0,0
BRDA:119,12,1,2
BRDA:123,13,0,0
BRDA:123,13,1,2
BRDA:128,14,0,1
BRDA:128,14,1,1
BRDA:146,15,0,1
BRDA:146,15,1,1
BRDA:150,16,0,0
BRDA:150,16,1,1
BRDA:154,17,0,0
BRDA:154,17,1,1
BRDA:160,18,0,1
BRDA:160,18,1,0
BRDA:178,19,0,1
BRDA:178,19,1,2
BRDA:182,20,0,1
BRDA:182,20,1,1
BRDA:198,21,0,1
BRDA:198,21,1,1
BRDA:202,22,0,0
BRDA:202,22,1,1
BRDA:206,23,0,0
BRDA:206,23,1,1
BRDA:209,24,0,0
BRDA:209,24,1,1
BRDA:213,25,0,1
BRDA:213,25,1,0
BRDA:214,26,0,1
BRDA:214,26,1,0
BRF:54
BRH:36
end_of_record
TN:
SF:src\controllers\subscription.controller.js
FN:9,(anonymous_0)
FN:62,(anonymous_1)
FN:102,(anonymous_2)
FNF:3
FNH:3
FNDA:4,(anonymous_0)
FNDA:2,(anonymous_1)
FNDA:2,(anonymous_2)
DA:9,1
DA:11,4
DA:12,4
DA:14,4
DA:15,1
DA:18,3
DA:19,1
DA:22,2
DA:27,2
DA:29,1
DA:31,1
DA:39,1
DA:44,1
DA:48,1
DA:55,1
DA:62,1
DA:63,2
DA:65,2
DA:66,0
DA:69,2
DA:93,2
DA:102,1
DA:103,2
DA:105,2
DA:106,0
DA:109,2
DA:136,2
LF:27
LH:25
BRDA:14,0,0,1
BRDA:14,0,1,3
BRDA:18,1,0,1
BRDA:18,1,1,2
BRDA:27,2,0,1
BRDA:27,2,1,1
BRDA:65,3,0,0
BRDA:65,3,1,2
BRDA:105,4,0,0
BRDA:105,4,1,2
BRF:10
BRH:8
end_of_record
TN:
SF:src\controllers\tweet.controller.js
FN:11,(anonymous_0)
FN:32,(anonymous_1)
FN:51,(anonymous_2)
FN:72,(anonymous_3)
FN:107,(anonymous_4)
FN:138,(anonymous_5)
FN:146,(anonymous_6)
FNF:7
FNH:6
FNDA:1,(anonymous_0)
FNDA:0,(anonymous_1)
FNDA:2,(anonymous_2)
FNDA:3,(anonymous_3)
FNDA:3,(anonymous_4)
FNDA:1,(anonymous_5)
FNDA:3,(anonymous_6)
DA:11,1
DA:13,1
DA:14,1
DA:16,1
DA:17,0
DA:20,1
DA:22,1
DA:24,1
DA:25,1
DA:27,1
DA:32,1
DA:40,1
DA:42,1
DA:46,0
DA:51,1
DA:53,2
DA:55,2
DA:56,1
DA:59,1
DA:60,1
DA:62,1
DA:64,1
DA:67,0
DA:72,1
DA:74,3
DA:75,3
DA:76,3
DA:78,3
DA:80,3
DA:81,1
DA:84,2
DA:85,0
DA:88,2
DA:89,1
DA:92,1
DA:93,1
DA:99,1
DA:104,0
DA:107,1
DA:109,3
DA:110,3
DA:112,3
DA:114,3
DA:115,1
DA:118,2
DA:119,0
DA:122,2
DA:123,1
DA:126,1
DA:127,1
DA:129,1
DA:134,0
DA:138,1
DA:140,1
DA:142,1
DA:146,1
DA:147,3
DA:149,3
DA:150,1
DA:153,2
DA:154,2
DA:156,2
DA:157,1
DA:160,1
DA:166,1
DA:181,1
LF:66
LH:59
BRDA:16,0,0,0
BRDA:16,0,1,1
BRDA:25,1,0,1
BRDA:25,1,1,0
BRDA:55,2,0,1
BRDA:55,2,1,1
BRDA:80,3,0,1
BRDA:80,3,1,2
BRDA:84,4,0,0
BRDA:84,4,1,2
BRDA:88,5,0,1
BRDA:88,5,1,1
BRDA:114,6,0,1
BRDA:114,6,1,2
BRDA:118,7,0,0
BRDA:118,7,1,2
BRDA:122,8,0,1
BRDA:122,8,1,1
BRDA:149,9,0,1
BRDA:149,9,1,2
BRDA:156,10,0,1
BRDA:156,10,1,1
BRF:22
BRH:18
end_of_record
TN:
SF:src\controllers\user.controller.js
FN:16,(anonymous_0)
FN:36,(anonymous_1)
FN:44,(anonymous_2)
FN:122,(anonymous_3)
FN:177,(anonymous_4)
FN:197,(anonymous_5)
FN:253,(anonymous_6)
FN:284,(anonymous_7)
FN:290,(anonymous_8)
FN:326,(anonymous_9)
FN:361,(anonymous_10)
FN:408,(anonymous_11)
FN:476,(anonymous_12)
FN:535,(anonymous_13)
FN:554,(anonymous_14)
FN:571,(anonymous_15)
FN:599,(anonymous_16)
FN:611,(anonymous_17)
FNF:18
FNH:14
FNDA:11,(anonymous_0)
FNDA:0,(anonymous_1)
FNDA:0,(anonymous_2)
FNDA:15,(anonymous_3)
FNDA:2,(anonymous_4)
FNDA:3,(anonymous_5)
FNDA:5,(anonymous_6)
FNDA:2,(anonymous_7)
FNDA:5,(anonymous_8)
FNDA:0,(anonymous_9)
FNDA:0,(anonymous_10)
FNDA:5,(anonymous_11)
FNDA:2,(anonymous_12)
FNDA:4,(anonymous_13)
FNDA:2,(anonymous_14)
FNDA:4,(anonymous_15)
FNDA:1,(anonymous_16)
FNDA:4,(anonymous_17)
DA:16,1
DA:17,11
DA:18,11
DA:20,11
DA:21,0
DA:24,11
DA:25,11
DA:27,11
DA:28,11
DA:30,11
DA:32,0
DA:36,1
DA:37,0
DA:39,0
DA:40,0
DA:43,0
DA:44,0
DA:46,0
DA:49,0
DA:53,0
DA:54,0
DA:56,0
DA:57,0
DA:58,0
DA:59,0
DA:61,0
DA:63,0
DA:65,0
DA:66,0
DA:67,0
DA:68,0
DA:70,0
DA:71,0
DA:75,0
DA:77,0
DA:78,0
DA:79,0
DA:80,0
DA:82,0
DA:86,0
DA:87,0
DA:96,0
DA:100,0
DA:101,0
DA:104,0
DA:108,0
DA:109,0
DA:110,0
DA:112,0
DA:113,0
DA:114,0
DA:117,0
DA:118,0
DA:122,1
DA:123,15
DA:124,15
DA:125,3
DA:128,12
DA:132,12
DA:133,1
DA:136,11
DA:138,11
DA:139,1
DA:142,10
DA:146,10
DA:150,10
DA:151,0
DA:154,10
DA:160,10
DA:177,1
DA:178,2
DA:180,2
DA:186,2
DA:190,2
DA:197,1
DA:199,3
DA:201,3
DA:202,1
DA:205,2
DA:206,2
DA:211,1
DA:212,0
DA:215,1
DA:217,1
DA:218,0
DA:221,1
DA:228,1
DA:230,1
DA:246,1
DA:253,1
DA:254,5
DA:256,5
DA:257,2
DA:260,3
DA:261,1
DA:264,2
DA:266,2
DA:267,0
DA:270,2
DA:272,2
DA:273,1
DA:276,1
DA:277,1
DA:279,1
DA:284,1
DA:285,2
DA:290,1
DA:291,5
DA:293,5
DA:294,2
DA:297,3
DA:302,3
DA:303,1
DA:306,2
DA:317,2
DA:318,0
DA:321,2
DA:326,1
DA:327,0
DA:329,0
DA:330,0
DA:333,0
DA:335,0
DA:336,0
DA:339,0
DA:351,0
DA:352,0
DA:353,0
DA:356,0
DA:361,1
DA:362,0
DA:364,0
DA:365,0
DA:370,0
DA:372,0
DA:373,0
DA:376,0
DA:377,0
DA:380,0
DA:382,0
DA:383,0
DA:386,0
DA:398,0
DA:399,0
DA:400,0
DA:403,0
DA:408,1
DA:409,5
DA:411,5
DA:412,0
DA:415,5
DA:465,5
DA:466,2
DA:469,3
DA:476,1
DA:477,2
DA:524,2
DA:535,1
DA:536,4
DA:538,4
DA:539,1
DA:542,3
DA:543,1
DA:546,2
DA:548,2
DA:549,0
DA:553,2
DA:554,2
DA:558,2
DA:560,2
DA:562,2
DA:564,2
DA:571,1
DA:572,4
DA:584,4
DA:585,0
DA:588,4
DA:599,1
DA:600,1
DA:611,1
DA:612,4
DA:614,4
DA:615,1
DA:617,3
DA:620,3
DA:621,1
DA:623,2
LF:187
LH:109
BRDA:20,0,0,0
BRDA:20,0,1,11
BRDA:39,1,0,0
BRDA:39,1,1,0
BRDA:39,2,0,0
BRDA:39,2,1,0
BRDA:39,2,2,0
BRDA:39,2,3,0
BRDA:43,3,0,0
BRDA:43,3,1,0
BRDA:56,4,0,0
BRDA:56,4,1,0
BRDA:57,5,0,0
BRDA:57,5,1,0
BRDA:58,6,0,0
BRDA:58,6,1,0
BRDA:65,7,0,0
BRDA:65,7,1,0
BRDA:77,8,0,0
BRDA:77,8,1,0
BRDA:92,9,0,0
BRDA:92,9,1,0
BRDA:100,10,0,0
BRDA:100,10,1,0
BRDA:108,11,0,0
BRDA:108,11,1,0
BRDA:112,12,0,0
BRDA:112,12,1,0
BRDA:124,13,0,3
BRDA:124,13,1,12
BRDA:124,14,0,15
BRDA:124,14,1,3
BRDA:124,14,2,13
BRDA:132,15,0,1
BRDA:132,15,1,11
BRDA:138,16,0,1
BRDA:138,16,1,10
BRDA:150,17,0,0
BRDA:150,17,1,10
BRDA:199,18,0,3
BRDA:199,18,1,3
BRDA:201,19,0,1
BRDA:201,19,1,2
BRDA:211,20,0,0
BRDA:211,20,1,1
BRDA:211,21,0,1
BRDA:211,21,1,1
BRDA:217,22,0,0
BRDA:217,22,1,1
BRDA:217,23,0,1
BRDA:217,23,1,1
BRDA:248,24,0,1
BRDA:248,24,1,0
BRDA:256,25,0,2
BRDA:256,25,1,3
BRDA:256,26,0,5
BRDA:256,26,1,4
BRDA:260,27,0,1
BRDA:260,27,1,2
BRDA:260,28,0,3
BRDA:260,28,1,2
BRDA:266,29,0,0
BRDA:266,29,1,2
BRDA:272,30,0,1
BRDA:272,30,1,1
BRDA:293,31,0,2
BRDA:293,31,1,3
BRDA:293,32,0,5
BRDA:293,32,1,4
BRDA:302,33,0,1
BRDA:302,33,1,2
BRDA:317,34,0,0
BRDA:317,34,1,2
BRDA:329,35,0,0
BRDA:329,35,1,0
BRDA:335,36,0,0
BRDA:335,36,1,0
BRDA:351,37,0,0
BRDA:351,37,1,0
BRDA:364,38,0,0
BRDA:364,38,1,0
BRDA:372,39,0,0
BRDA:372,39,1,0
BRDA:376,40,0,0
BRDA:376,40,1,0
BRDA:382,41,0,0
BRDA:382,41,1,0
BRDA:398,42,0,0
BRDA:398,42,1,0
BRDA:411,43,0,0
BRDA:411,43,1,5
BRDA:465,44,0,2
BRDA:465,44,1,3
BRDA:538,45,0,1
BRDA:538,45,1,3
BRDA:542,46,0,1
BRDA:542,46,1,2
BRDA:548,47,0,0
BRDA:548,47,1,2
BRDA:576,48,0,3
BRDA:576,48,1,1
BRDA:584,49,0,0
BRDA:584,49,1,4
BRDA:614,50,0,1
BRDA:614,50,1,3
BRDA:620,51,0,1
BRDA:620,51,1,2
BRF:107
BRH:55
end_of_record
TN:
SF:src\controllers\video.controller.js
FN:16,(anonymous_0)
FN:113,(anonymous_1)
FN:114,(anonymous_2)
FN:139,(anonymous_3)
FN:155,(anonymous_4)
FN:156,(anonymous_5)
FN:214,(anonymous_6)
FN:241,(anonymous_7)
FN:274,(anonymous_8)
FN:337,(anonymous_9)
FN:386,(anonymous_10)
FN:417,(anonymous_11)
FN:452,(anonymous_12)
FNF:13
FNH:9
FNDA:4,(anonymous_0)
FNDA:3,(anonymous_1)
FNDA:0,(anonymous_2)
FNDA:3,(anonymous_3)
FNDA:0,(anonymous_4)
FNDA:0,(anonymous_5)
FNDA:0,(anonymous_6)
FNDA:2,(anonymous_7)
FNDA:3,(anonymous_8)
FNDA:2,(anonymous_9)
FNDA:2,(anonymous_10)
FNDA:4,(anonymous_11)
FNDA:1,(anonymous_12)
DA:16,1
DA:24,4
DA:27,4
DA:28,4
DA:31,4
DA:32,4
DA:33,1
DA:39,3
DA:42,3
DA:43,3
DA:44,1
DA:45,1
DA:46,1
DA:47,1
DA:54,3
DA:55,1
DA:59,3
DA:60,3
DA:64,3
DA:86,3
DA:89,3
DA:96,3
DA:102,3
DA:104,3
DA:105,0
DA:108,3
DA:113,3
DA:115,0
DA:121,3
DA:134,3
DA:139,1
DA:140,3
DA:141,3
DA:146,3
DA:147,2
DA:148,1
DA:149,0
DA:154,1
DA:155,1
DA:156,1
DA:158,0
DA:159,0
DA:162,1
DA:164,0
DA:170,0
DA:171,0
DA:173,0
DA:174,0
DA:176,0
DA:179,0
DA:180,0
DA:182,0
DA:183,0
DA:186,0
DA:189,0
DA:191,0
DA:192,0
DA:201,0
DA:203,0
DA:204,0
DA:207,0
DA:208,0
DA:210,0
DA:214,0
DA:222,0
DA:224,0
DA:228,0
DA:229,0
DA:230,0
DA:232,0
DA:233,0
DA:234,0
DA:236,0
DA:237,0
DA:241,1
DA:242,2
DA:244,2
DA:246,2
DA:247,1
DA:250,1
DA:260,1
DA:261,1
DA:262,1
DA:263,1
DA:264,1
DA:269,1
DA:274,1
DA:275,3
DA:278,3
DA:280,3
DA:281,1
DA:284,2
DA:285,0
DA:288,2
DA:290,2
DA:292,1
DA:295,1
DA:296,1
DA:298,1
DA:299,0
DA:300,0
DA:302,0
DA:303,0
DA:305,0
DA:308,0
DA:313,0
DA:314,0
DA:318,1
DA:319,1
DA:329,1
DA:333,0
DA:337,1
DA:338,2
DA:341,2
DA:343,2
DA:344,1
DA:347,1
DA:348,0
DA:351,1
DA:352,1
DA:354,1
DA:355,1
DA:356,1
DA:358,1
DA:359,1
DA:361,1
DA:366,1
DA:367,1
DA:369,0
DA:371,0
DA:373,1
DA:375,1
DA:376,1
DA:378,1
DA:382,0
DA:386,1
DA:387,2
DA:389,2
DA:391,2
DA:392,1
DA:395,1
DA:396,0
DA:399,1
DA:400,1
DA:401,1
DA:403,1
DA:413,0
DA:417,1
DA:418,4
DA:419,4
DA:421,4
DA:422,1
DA:425,3
DA:427,3
DA:428,1
DA:431,2
DA:432,2
DA:433,1
DA:436,2
DA:438,2
DA:448,0
DA:452,1
DA:453,1
DA:455,1
DA:456,0
DA:459,1
DA:461,1
DA:462,0
DA:465,1
DA:466,1
DA:476,0
LF:171
LH:115
BRDA:18,0,0,4
BRDA:19,1,0,4
BRDA:22,2,0,3
BRDA:23,3,0,4
BRDA:27,4,0,4
BRDA:27,4,1,0
BRDA:28,5,0,4
BRDA:28,5,1,0
BRDA:32,6,0,1
BRDA:32,6,1,3
BRDA:39,7,0,0
BRDA:39,7,1,3
BRDA:43,8,0,1
BRDA:43,8,1,2
BRDA:45,9,0,1
BRDA:45,9,1,0
BRDA:54,10,0,1
BRDA:54,10,1,2
BRDA:54,11,0,3
BRDA:54,11,1,1
BRDA:60,12,0,2
BRDA:60,12,1,1
BRDA:86,13,0,3
BRDA:86,13,1,0
BRDA:87,14,0,3
BRDA:87,14,1,1
BRDA:87,14,2,1
BRDA:104,15,0,0
BRDA:104,15,1,3
BRDA:146,16,0,1
BRDA:146,16,1,2
BRDA:147,17,0,1
BRDA:147,17,1,1
BRDA:148,18,0,0
BRDA:148,18,1,1
BRDA:154,19,0,1
BRDA:154,19,1,0
BRDA:162,20,0,1
BRDA:162,20,1,0
BRDA:170,21,0,0
BRDA:170,21,1,0
BRDA:173,22,0,0
BRDA:173,22,1,0
BRDA:173,23,0,0
BRDA:173,23,1,0
BRDA:179,24,0,0
BRDA:179,24,1,0
BRDA:182,25,0,0
BRDA:182,25,1,0
BRDA:182,26,0,0
BRDA:182,26,1,0
BRDA:194,27,0,0
BRDA:194,27,1,0
BRDA:197,28,0,0
BRDA:197,28,1,0
BRDA:203,29,0,0
BRDA:203,29,1,0
BRDA:208,30,0,0
BRDA:208,30,1,0
BRDA:228,31,0,0
BRDA:228,31,1,0
BRDA:232,32,0,0
BRDA:232,32,1,0
BRDA:246,33,0,1
BRDA:246,33,1,1
BRDA:280,34,0,1
BRDA:280,34,1,2
BRDA:284,35,0,0
BRDA:284,35,1,2
BRDA:290,36,0,1
BRDA:290,36,1,1
BRDA:290,37,0,2
BRDA:290,37,1,1
BRDA:298,38,0,0
BRDA:298,38,1,1
BRDA:322,39,0,1
BRDA:322,39,1,0
BRDA:323,40,0,1
BRDA:323,40,1,0
BRDA:343,41,0,1
BRDA:343,41,1,1
BRDA:347,42,0,0
BRDA:347,42,1,1
BRDA:366,43,0,1
BRDA:366,43,1,0
BRDA:371,44,0,0
BRDA:371,44,1,0
BRDA:391,45,0,1
BRDA:391,45,1,1
BRDA:395,46,0,0
BRDA:395,46,1,1
BRDA:409,47,0,0
BRDA:409,47,1,1
BRDA:421,48,0,1
BRDA:421,48,1,3
BRDA:427,49,0,1
BRDA:427,49,1,2
BRDA:432,50,0,1
BRDA:432,50,1,1
BRDA:455,51,0,0
BRDA:455,51,1,1
BRDA:461,52,0,0
BRDA:461,52,1,1
BRF:103
BRH:58
end_of_record
TN:
SF:src\middlewares\auth.middleware.js
FN:7,(anonymous_0)
FNF:1
FNH:1
FNDA:184,(anonymous_0)
DA:7,1
DA:8,184
DA:9,184
DA:11,184
DA:12,29
DA:15,155
DA:17,151
DA:19,151
DA:20,2
DA:23,149
DA:25,149
DA:27,35
LF:12
LH:12
BRDA:9,0,0,184
BRDA:9,0,1,181
BRDA:11,1,0,29
BRDA:11,1,1,155
BRDA:19,2,0,2
BRDA:19,2,1,149
BRDA:27,3,0,35
BRDA:27,3,1,0
BRF:8
BRH:7
end_of_record
TN:
SF:src\middlewares\error.middleware.js
FN:3,(anonymous_0)
FNF:1
FNH:1
FNDA:98,(anonymous_0)
DA:3,1
DA:4,98
DA:5,98
DA:7,98
LF:4
LH:4
BRDA:5,0,0,97
BRDA:5,0,1,1
BRDA:5,1,0,98
BRDA:5,1,1,97
BRDA:10,2,0,98
BRDA:10,2,1,0
BRDA:12,3,0,97
BRDA:12,3,1,1
BRF:8
BRH:7
end_of_record
TN:
SF:src\middlewares\multer.middleware.js
FNF:0
FNH:0
DA:3,1
DA:5,1
LF:2
LH:2
BRF:0
BRH:0
end_of_record
TN:
SF:src\models\comment.model.js
FNF:0
FNH:0
DA:4,1
DA:25,1
DA:27,1
LF:3
LH:3
BRF:0
BRH:0
end_of_record
TN:
SF:src\models\like.model.js
FNF:0
FNH:0
DA:5,1
DA:26,1
DA:28,1
LF:3
LH:3
BRF:0
BRH:0
end_of_record
TN:
SF:src\models\notification.model.js
FNF:0
FNH:0
DA:3,1
DA:66,1
DA:67,1
DA:70,1
DA:72,1
LF:5
LH:5
BRF:0
BRH:0
end_of_record
TN:
SF:src\models\playlist.model.js
FNF:0
FNH:0
DA:4,1
DA:25,1
DA:27,1
LF:3
LH:3
BRF:0
BRH:0
end_of_record
TN:
SF:src\models\subscription.model.js
FNF:0
FNH:0
DA:4,1
DA:15,1
DA:17,1
LF:3
LH:3
BRF:0
BRH:0
end_of_record
TN:
SF:src\models\tweet.model.js
FNF:0
FNH:0
DA:3,1
DA:15,1
LF:2
LH:2
BRF:0
BRH:0
end_of_record
TN:
SF:src\models\user.model.js
FN:59,(anonymous_0)
FN:66,(anonymous_1)
FN:70,(anonymous_2)
FN:85,(anonymous_3)
FNF:4
FNH:4
FNDA:394,(anonymous_0)
FNDA:13,(anonymous_1)
FNDA:11,(anonymous_2)
FNDA:11,(anonymous_3)
DA:6,1
DA:59,1
DA:60,394
DA:62,381
DA:63,381
DA:66,1
DA:67,13
DA:70,1
DA:71,11
DA:85,1
DA:86,11
DA:98,1
DA:100,1
LF:13
LH:13
BRDA:60,0,0,13
BRDA:60,0,1,381
BRF:2
BRH:2
end_of_record
TN:
SF:src\models\video.model.js
FNF:0
FNH:0
DA:5,1
DA:47,1
DA:49,1
LF:3
LH:3
BRF:0
BRH:0
end_of_record
TN:
SF:src\routes\comment.routes.js
FNF:0
FNH:0
DA:11,1
DA:13,1
DA:15,1
DA:16,1
DA:17,1
LF:5
LH:5
BRF:0
BRH:0
end_of_record
TN:
SF:src\routes\dashboard.routes.js
FNF:0
FNH:0
DA:8,1
DA:10,1
DA:12,1
DA:13,1
LF:4
LH:4
BRF:0
BRH:0
end_of_record
TN:
SF:src\routes\healthcheck.routes.js
FNF:0
FNH:0
DA:5,1
DA:7,1
LF:2
LH:2
BRF:0
BRH:0
end_of_record
TN:
SF:src\routes\like.routes.js
FNF:0
FNH:0
DA:13,1
DA:14,1
DA:16,1
DA:17,1
DA:18,1
DA:20,1
LF:6
LH:6
BRF:0
BRH:0
end_of_record
TN:
SF:src\routes\notification.routes.js
FNF:0
FNH:0
DA:10,1
DA:12,1
DA:14,1
DA:15,1
DA:16,1
DA:17,1
LF:6
LH:6
BRF:0
BRH:0
end_of_record
TN:
SF:src\routes\playlist.routes.js
FNF:0
FNH:0
DA:13,1
DA:15,1
DA:17,1
DA:19,1
DA:25,1
DA:26,1
DA:28,1
LF:7
LH:7
BRF:0
BRH:0
end_of_record
TN:
SF:src\routes\subscription.routes.js
FNF:0
FNH:0
DA:9,1
DA:10,1
DA:12,1
DA:16,1
DA:20,1
LF:5
LH:5
BRF:0
BRH:0
end_of_record
TN:
SF:src\routes\tweet.routes.js
FNF:0
FNH:0
DA:12,1
DA:13,1
DA:15,1
DA:16,1
DA:17,1
LF:5
LH:5
BRF:0
BRH:0
end_of_record
TN:
SF:src\routes\user.routes.js
FNF:0
FNH:0
DA:23,1
DA:25,1
DA:34,1
DA:50,1
DA:55,1
DA:58,1
DA:61,1
DA:64,1
DA:70,1
DA:73,1
DA:78,1
DA:83,1
DA:86,1
DA:89,1
DA:91,1
DA:94,1
LF:16
LH:16
BRF:0
BRH:0
end_of_record
TN:
SF:src\routes\video.routes.js
FNF:0
FNH:0
DA:15,1
DA:16,1
DA:18,1
DA:28,1
DA:34,1
DA:36,1
LF:6
LH:6
BRF:0
BRH:0
end_of_record
TN:
SF:src\utils\ApiError.js
FN:2,(anonymous_0)
FNF:1
FNH:1
FNDA:129,(anonymous_0)
DA:3,129
DA:4,129
DA:5,129
DA:7,129
DA:8,129
DA:9,129
DA:11,129
DA:12,0
DA:14,129
LF:9
LH:8
BRDA:2,0,0,0
BRDA:2,1,0,129
BRDA:2,2,0,129
BRDA:11,3,0,0
BRDA:11,3,1,129
BRF:5
BRH:3
end_of_record
TN:
SF:src\utils\ApiResponse.js
FN:2,(anonymous_0)
FNF:1
FNH:1
FNDA:102,(anonymous_0)
DA:3,102
DA:4,102
DA:5,102
DA:6,102
LF:4
LH:4
BRDA:2,0,0,0
BRF:1
BRH:0
end_of_record
TN:
SF:src\utils\asyncHandler.js
FN:1,(anonymous_0)
FN:2,(anonymous_1)
FN:5,(anonymous_2)
FNF:3
FNH:3
FNDA:59,(anonymous_0)
FNDA:348,(anonymous_1)
FNDA:97,(anonymous_2)
DA:1,1
DA:2,59
DA:3,348
DA:5,97
LF:4
LH:4
BRF:0
BRH:0
end_of_record
TN:
SF:src\utils\cloudinary.js
FN:20,(anonymous_0)
FN:24,(anonymous_1)
FN:28,(anonymous_2)
FN:43,(anonymous_3)
FNF:4
FNH:1
FNDA:0,(anonymous_0)
FNDA:0,(anonymous_1)
FNDA:0,(anonymous_2)
FNDA:1,(anonymous_3)
DA:7,1
DA:9,1
DA:15,1
DA:20,1
DA:22,0
DA:24,0
DA:26,0
DA:29,0
DA:30,0
DA:31,0
DA:34,0
DA:35,0
DA:39,0
DA:43,1
DA:44,1
DA:45,1
DA:46,1
DA:47,1
DA:48,1
DA:51,0
DA:52,0
LF:21
LH:10
BRDA:22,0,0,0
BRDA:22,0,1,0
BRDA:29,1,0,0
BRDA:29,1,1,0
BRDA:45,2,0,0
BRDA:45,2,1,1
BRF:6
BRH:1
end_of_record
TN:
SF:src\utils\logger.js
FN:7,(anonymous_0)
FNF:1
FNH:1
FNDA:5,(anonymous_0)
DA:2,1
DA:5,1
DA:8,5
DA:13,1
LF:4
LH:4
BRF:0
BRH:0
end_of_record
